Using pre-set license
Built from '2022.3/release' branch; Version is '2022.3.18f1 (d29bea25151d) revision 13802474'; Using compiler version '192829333'; Build Type 'Release'
OS: 'Windows 11  (10.0.22631) 64bit Professional' Language: 'ar' Physical Memory: 15718 MB
BatchMode: 1, IsHumanControllingUs: 0, StartBugReporterOnCrash: 0, Is64bit: 1, IsPro: 1

COMMAND LINE ARGUMENTS:
D:\Unity1\2022.3.18f1\Editor\Unity.exe
-adb2
-batchMode
-noUpm
-name
AssetImportWorker0
-projectPath
D:/UnityProj/gameloop/Gameloop
-logFile
Logs/AssetImportWorker0.log
-srvPort
57886
Successfully changed project path to: D:/UnityProj/gameloop/Gameloop
D:/UnityProj/gameloop/Gameloop
[UnityMemory] Configuration Parameters - Can be set up in boot.config
    "memorysetup-bucket-allocator-granularity=16"
    "memorysetup-bucket-allocator-bucket-count=8"
    "memorysetup-bucket-allocator-block-size=33554432"
    "memorysetup-bucket-allocator-block-count=8"
    "memorysetup-main-allocator-block-size=16777216"
    "memorysetup-thread-allocator-block-size=16777216"
    "memorysetup-gfx-main-allocator-block-size=16777216"
    "memorysetup-gfx-thread-allocator-block-size=16777216"
    "memorysetup-cache-allocator-block-size=4194304"
    "memorysetup-typetree-allocator-block-size=2097152"
    "memorysetup-profiler-bucket-allocator-granularity=16"
    "memorysetup-profiler-bucket-allocator-bucket-count=8"
    "memorysetup-profiler-bucket-allocator-block-size=33554432"
    "memorysetup-profiler-bucket-allocator-block-count=8"
    "memorysetup-profiler-allocator-block-size=16777216"
    "memorysetup-profiler-editor-allocator-block-size=1048576"
    "memorysetup-temp-allocator-size-main=16777216"
    "memorysetup-job-temp-allocator-block-size=2097152"
    "memorysetup-job-temp-allocator-block-size-background=1048576"
    "memorysetup-job-temp-allocator-reduction-small-platforms=262144"
    "memorysetup-allocator-temp-initial-block-size-main=262144"
    "memorysetup-allocator-temp-initial-block-size-worker=262144"
    "memorysetup-temp-allocator-size-background-worker=32768"
    "memorysetup-temp-allocator-size-job-worker=262144"
    "memorysetup-temp-allocator-size-preload-manager=33554432"
    "memorysetup-temp-allocator-size-nav-mesh-worker=65536"
    "memorysetup-temp-allocator-size-audio-worker=65536"
    "memorysetup-temp-allocator-size-cloud-worker=32768"
    "memorysetup-temp-allocator-size-gi-baking-worker=262144"
    "memorysetup-temp-allocator-size-gfx=262144"
Player connection [36080] Host "[IP] 192.168.77.102 [Port] 0 [Flags] 2 [Guid] 4232399619 [EditorId] 4232399619 [Version] 1048832 [Id] WindowsEditor(7,Abdulelah) [Debug] 1 [PackageName] WindowsEditor [ProjectName] Editor" joined multi-casting on [225.0.0.222:54997]...

Player connection [36080] Host "[IP] 192.168.77.102 [Port] 0 [Flags] 2 [Guid] 4232399619 [EditorId] 4232399619 [Version] 1048832 [Id] WindowsEditor(7,Abdulelah) [Debug] 1 [PackageName] WindowsEditor [ProjectName] Editor" joined alternative multi-casting on [225.0.0.222:34997]...

[Physics::Module] Initialized MultithreadedJobDispatcher with 11 workers.
Refreshing native plugins compatible for Editor in 12.46 ms, found 3 plugins.
Preloading 0 native plugins for Editor in 0.00 ms.
Initialize engine version: 2022.3.18f1 (d29bea25151d)
[Subsystems] Discovering subsystems at path D:/Unity1/2022.3.18f1/Editor/Data/Resources/UnitySubsystems
[Subsystems] Discovering subsystems at path D:/UnityProj/gameloop/Gameloop/Assets
GfxDevice: creating device client; threaded=0; jobified=0
Direct3D:
    Version:  Direct3D 11.0 [level 11.1]
    Renderer: NVIDIA GeForce RTX 3060 (ID=0x2504)
    Vendor:   NVIDIA
    VRAM:     12115 MB
    Driver:   32.0.15.6094
Initialize mono
Mono path[0] = 'D:/Unity1/2022.3.18f1/Editor/Data/Managed'
Mono path[1] = 'D:/Unity1/2022.3.18f1/Editor/Data/MonoBleedingEdge/lib/mono/unityjit-win32'
Mono config path = 'D:/Unity1/2022.3.18f1/Editor/Data/MonoBleedingEdge/etc'
Using monoOptions --debugger-agent=transport=dt_socket,embedding=1,server=y,suspend=n,address=127.0.0.1:56204
Begin MonoManager ReloadAssembly
Registering precompiled unity dll's ...
Register platform support module: D:/Unity1/2022.3.18f1/Editor/Data/PlaybackEngines/WindowsStandaloneSupport/UnityEditor.WindowsStandalone.Extensions.dll
Registered in 0.004882 seconds.
- Loaded All Assemblies, in  0.411 seconds
Native extension for WindowsStandalone target not found
Mono: successfully reloaded assembly
- Finished resetting the current domain, in  0.268 seconds
Domain Reload Profiling: 679ms
	BeginReloadAssembly (171ms)
		ExecutionOrderSort (0ms)
		DisableScriptedObjects (0ms)
		BackupInstance (0ms)
		ReleaseScriptingObjects (0ms)
		CreateAndSetChildDomain (1ms)
	RebuildCommonClasses (37ms)
	RebuildNativeTypeToScriptingClass (13ms)
	initialDomainReloadingComplete (53ms)
	LoadAllAssembliesAndSetupDomain (138ms)
		LoadAssemblies (170ms)
		RebuildTransferFunctionScriptingTraits (0ms)
		AnalyzeDomain (136ms)
			TypeCache.Refresh (134ms)
				TypeCache.ScanAssembly (119ms)
			ScanForSourceGeneratedMonoScriptInfo (0ms)
			ResolveRequiredComponents (1ms)
	FinalizeReload (269ms)
		ReleaseScriptCaches (0ms)
		RebuildScriptCaches (0ms)
		SetupLoadedEditorAssemblies (211ms)
			LogAssemblyErrors (0ms)
			InitializePlatformSupportModulesInManaged (6ms)
			SetLoadedEditorAssemblies (4ms)
			RefreshPlugins (0ms)
			BeforeProcessingInitializeOnLoad (3ms)
			ProcessInitializeOnLoadAttributes (147ms)
			ProcessInitializeOnLoadMethodAttributes (50ms)
			AfterProcessingInitializeOnLoad (0ms)
			EditorAssembliesLoaded (0ms)
		ExecutionOrderSort2 (0ms)
		AwakeInstancesAfterBackupRestoration (0ms)
========================================================================
Worker process is ready to serve import requests
Begin MonoManager ReloadAssembly
Symbol file LoadedFromMemory is not a mono symbol file
- Loaded All Assemblies, in  0.950 seconds
Refreshing native plugins compatible for Editor in 4.16 ms, found 3 plugins.
Native extension for WindowsStandalone target not found
Package Manager log level set to [2]
[Package Manager] Server::EnsureServerProcessIsRunning -- launch failed, reason: Unity was launched with the -noUpm command-line argument
[Package Manager] UpmClient::Send -- Unable to send message (not connected to UPM process).
[Package Manager] Cannot connect to Unity Package Manager local server
Mono: successfully reloaded assembly
- Finished resetting the current domain, in  1.141 seconds
Domain Reload Profiling: 2090ms
	BeginReloadAssembly (220ms)
		ExecutionOrderSort (0ms)
		DisableScriptedObjects (7ms)
		BackupInstance (0ms)
		ReleaseScriptingObjects (0ms)
		CreateAndSetChildDomain (26ms)
	RebuildCommonClasses (43ms)
	RebuildNativeTypeToScriptingClass (13ms)
	initialDomainReloadingComplete (29ms)
	LoadAllAssembliesAndSetupDomain (645ms)
		LoadAssemblies (435ms)
		RebuildTransferFunctionScriptingTraits (0ms)
		AnalyzeDomain (359ms)
			TypeCache.Refresh (305ms)
				TypeCache.ScanAssembly (285ms)
			ScanForSourceGeneratedMonoScriptInfo (35ms)
			ResolveRequiredComponents (17ms)
	FinalizeReload (1141ms)
		ReleaseScriptCaches (0ms)
		RebuildScriptCaches (0ms)
		SetupLoadedEditorAssemblies (934ms)
			LogAssemblyErrors (0ms)
			InitializePlatformSupportModulesInManaged (4ms)
			SetLoadedEditorAssemblies (4ms)
			RefreshPlugins (0ms)
			BeforeProcessingInitializeOnLoad (75ms)
			ProcessInitializeOnLoadAttributes (774ms)
			ProcessInitializeOnLoadMethodAttributes (73ms)
			AfterProcessingInitializeOnLoad (3ms)
			EditorAssembliesLoaded (0ms)
		ExecutionOrderSort2 (0ms)
		AwakeInstancesAfterBackupRestoration (10ms)
Launched and connected shader compiler UnityShaderCompiler.exe after 0.05 seconds
Refreshing native plugins compatible for Editor in 5.89 ms, found 3 plugins.
Preloading 0 native plugins for Editor in 0.00 ms.
Unloading 6523 Unused Serialized files (Serialized files now loaded: 0)
Unloading 111 unused Assets / (1.7 MB). Loaded Objects now: 6992.
Memory consumption went from 276.6 MB to 274.9 MB.
Total: 7.463700 ms (FindLiveObjects: 0.636400 ms CreateObjectMapping: 0.629500 ms MarkObjects: 5.411200 ms  DeleteObjects: 0.785400 ms)

AssetImportParameters requested are different than current active one (requested -> active):
  custom:container-demuxer-ogg: 62fdf1f143b41e24485cea50d1cbac27 -> 
  custom:framework-win-MediaFoundation: 216162199b28c13a410421893ffa2e32 -> 
  custom:container-muxer-webm: aa71ff27fc2769a1b78a27578f13a17b -> 
  custom:video-decoder-webm-vp8: 9c59270c3fd7afecdb556c50c9e8de78 -> 
  custom:SearchIndexIgnoredProperties: e643bd26f0fe6173181afceb89e7c659 -> 
  custom:AudioImporter_EditorPlatform: d09bf68614088b80899f8185d706f6e7 -> 
  custom:audio-decoder-ogg-vorbis: bf7c407c2cedff20999df2af8eb42d56 -> 
  custom:audio-encoder-webm-vorbis: bf7c407c2cedff20999df2af8eb42d56 -> 
  custom:video-codec-MediaFoundation-h265: 746d11721c4dcdbdad8f713fa42b33f4 -> 
  custom:video-decoder-ogg-theora: a1e56fd34408186e4bbccfd4996cb3dc -> 
  custom:CustomObjectIndexerAttribute: 62b5816608c3102f162a1797e29626cf -> 
  custom:container-demuxer-webm: 4f35f7cbe854078d1ac9338744f61a02 -> 
  custom:video-encoder-webm-vp8: eb34c28f22e8b96e1ab97ce403110664 -> 
========================================================================
Received Import Request.
  Time since last request: 51878.561812 seconds.
  path: Assets/ottoman-pillow-and-carpets-v2/source/Materials/Tapis_coussins-Coussin1.mat
  artifactKey: Guid(37fa80d18a830e4488c86c9fec0cd0d1) Importer(815301076,1909f56bfc062723c751e8b465ee728b)
Start importing Assets/ottoman-pillow-and-carpets-v2/source/Materials/Tapis_coussins-Coussin1.mat using Guid(37fa80d18a830e4488c86c9fec0cd0d1) Importer(815301076,1909f56bfc062723c751e8b465ee728b)  -> (artifact id: 'e2e1d6b4e69131b8fc6b3d65949c943b') in 0.356493 seconds
Number of updated asset objects reloaded before import = 0
Number of asset objects unloaded after import = 2
========================================================================
Received Import Request.
  Time since last request: 0.000050 seconds.
  path: Assets/ottoman-pillow-and-carpets-v2/source/Materials/Tapis_coussins-Tapis1.mat
  artifactKey: Guid(1aa4df8df7604a24a9c3f49e4f2eda17) Importer(815301076,1909f56bfc062723c751e8b465ee728b)
Start importing Assets/ottoman-pillow-and-carpets-v2/source/Materials/Tapis_coussins-Tapis1.mat using Guid(1aa4df8df7604a24a9c3f49e4f2eda17) Importer(815301076,1909f56bfc062723c751e8b465ee728b)  -> (artifact id: 'f8e4e9585053937cadd46a52e1931ac2') in 0.015978 seconds
Number of updated asset objects reloaded before import = 0
Number of asset objects unloaded after import = 2
========================================================================
Received Import Request.
  Time since last request: 0.000023 seconds.
  path: Assets/ottoman-pillow-and-carpets-v2/source/Tapis_coussins.prefab
  artifactKey: Guid(56115f56d2aa37948801775a72ccd5a9) Importer(815301076,1909f56bfc062723c751e8b465ee728b)
Start importing Assets/ottoman-pillow-and-carpets-v2/source/Tapis_coussins.prefab using Guid(56115f56d2aa37948801775a72ccd5a9) Importer(815301076,1909f56bfc062723c751e8b465ee728b)  -> (artifact id: '208f806eb2fdbef5e510635fa817aa87') in 0.027629 seconds
Number of updated asset objects reloaded before import = 0
Number of asset objects unloaded after import = 67
========================================================================
Received Import Request.
  Time since last request: 0.000043 seconds.
  path: Assets/ottoman-pillow-and-carpets-v2/source/Materials/Tapis_coussins-Coussin4.mat
  artifactKey: Guid(61848fd6545d46844aa801caf576faa2) Importer(815301076,1909f56bfc062723c751e8b465ee728b)
Start importing Assets/ottoman-pillow-and-carpets-v2/source/Materials/Tapis_coussins-Coussin4.mat using Guid(61848fd6545d46844aa801caf576faa2) Importer(815301076,1909f56bfc062723c751e8b465ee728b)  -> (artifact id: 'c8857e00c8f9e535f66d2e0e9487e73f') in 0.018195 seconds
Number of updated asset objects reloaded before import = 0
Number of asset objects unloaded after import = 2
========================================================================
Received Import Request.
  Time since last request: 0.000019 seconds.
  path: Assets/ottoman-pillow-and-carpets-v2/source/Materials/Tapis_coussins-Tapis4.mat
  artifactKey: Guid(03c4659c66909ae42b1f4054ddc53844) Importer(815301076,1909f56bfc062723c751e8b465ee728b)
Start importing Assets/ottoman-pillow-and-carpets-v2/source/Materials/Tapis_coussins-Tapis4.mat using Guid(03c4659c66909ae42b1f4054ddc53844) Importer(815301076,1909f56bfc062723c751e8b465ee728b)  -> (artifact id: 'a70f4b83ac20912e7633a2c80e328517') in 0.014293 seconds
Number of updated asset objects reloaded before import = 0
Number of asset objects unloaded after import = 2
========================================================================
Received Import Request.
  Time since last request: 42.408209 seconds.
  path: Assets/ottoman-pillow-and-carpets-v2/textures/Coussin_basecolor_002.png
  artifactKey: Guid(a9c0e90f4c1f1ae4cae01ffd4657b85f) Importer(815301076,1909f56bfc062723c751e8b465ee728b)
Start importing Assets/ottoman-pillow-and-carpets-v2/textures/Coussin_basecolor_002.png using Guid(a9c0e90f4c1f1ae4cae01ffd4657b85f) Importer(815301076,1909f56bfc062723c751e8b465ee728b)  -> (artifact id: '594e6606b348ccbc0a1e29c88d387b3a') in 0.036348 seconds
Number of updated asset objects reloaded before import = 0
Number of asset objects unloaded after import = 2
========================================================================
Received Import Request.
  Time since last request: 0.000025 seconds.
  path: Assets/ottoman-pillow-and-carpets-v2/textures/Coussin_metallic_001.png
  artifactKey: Guid(e7fb4623b4de2a44f91543184d83833a) Importer(815301076,1909f56bfc062723c751e8b465ee728b)
Start importing Assets/ottoman-pillow-and-carpets-v2/textures/Coussin_metallic_001.png using Guid(e7fb4623b4de2a44f91543184d83833a) Importer(815301076,1909f56bfc062723c751e8b465ee728b)  -> (artifact id: 'bcb7e6519b8e6c10d400b486cf27bd49') in 0.023220 seconds
Number of updated asset objects reloaded before import = 0
Number of asset objects unloaded after import = 2
========================================================================
Received Import Request.
  Time since last request: 0.000019 seconds.
  path: Assets/ottoman-pillow-and-carpets-v2/textures/Coussin_roughness_001.png
  artifactKey: Guid(c092214aec1ebb346880a180c121f04d) Importer(815301076,1909f56bfc062723c751e8b465ee728b)
Start importing Assets/ottoman-pillow-and-carpets-v2/textures/Coussin_roughness_001.png using Guid(c092214aec1ebb346880a180c121f04d) Importer(815301076,1909f56bfc062723c751e8b465ee728b)  -> (artifact id: 'f7a95cb267a84cf4d6c1aa5687b952ee') in 0.025192 seconds
Number of updated asset objects reloaded before import = 0
Number of asset objects unloaded after import = 2
========================================================================
Received Import Request.
  Time since last request: 0.000019 seconds.
  path: Assets/ottoman-pillow-and-carpets-v2/textures/Coussin_roughness_004.png
  artifactKey: Guid(7f81d89baf58e2b408f0b261b1be0dcd) Importer(815301076,1909f56bfc062723c751e8b465ee728b)
Start importing Assets/ottoman-pillow-and-carpets-v2/textures/Coussin_roughness_004.png using Guid(7f81d89baf58e2b408f0b261b1be0dcd) Importer(815301076,1909f56bfc062723c751e8b465ee728b)  -> (artifact id: 'fc5be790e1143e79e475842c512e60ae') in 0.021827 seconds
Number of updated asset objects reloaded before import = 0
Number of asset objects unloaded after import = 2
========================================================================
Received Import Request.
  Time since last request: 0.000018 seconds.
  path: Assets/ottoman-pillow-and-carpets-v2/textures/Tapis_basecolor_003.png
  artifactKey: Guid(03643548d72f7af45ae62664a74fa88c) Importer(815301076,1909f56bfc062723c751e8b465ee728b)
Start importing Assets/ottoman-pillow-and-carpets-v2/textures/Tapis_basecolor_003.png using Guid(03643548d72f7af45ae62664a74fa88c) Importer(815301076,1909f56bfc062723c751e8b465ee728b)  -> (artifact id: '572b686a8e7e967badd336bf47c232ee') in 0.022005 seconds
Number of updated asset objects reloaded before import = 0
Number of asset objects unloaded after import = 2
========================================================================
Received Import Request.
  Time since last request: 0.000016 seconds.
  path: Assets/ottoman-pillow-and-carpets-v2/textures/Coussin_roughness_002.png
  artifactKey: Guid(bf125e099849a6b4cb864be0bb8479b7) Importer(815301076,1909f56bfc062723c751e8b465ee728b)
Start importing Assets/ottoman-pillow-and-carpets-v2/textures/Coussin_roughness_002.png using Guid(bf125e099849a6b4cb864be0bb8479b7) Importer(815301076,1909f56bfc062723c751e8b465ee728b)  -> (artifact id: '4d6d48962751ed795a830784734ed8f8') in 0.022655 seconds
Number of updated asset objects reloaded before import = 0
Number of asset objects unloaded after import = 2
========================================================================
Received Import Request.
  Time since last request: 0.000024 seconds.
  path: Assets/ottoman-pillow-and-carpets-v2/textures/Coussin_opacity.png
  artifactKey: Guid(ea004701dc12c78419fe9dc384d324ea) Importer(815301076,1909f56bfc062723c751e8b465ee728b)
Start importing Assets/ottoman-pillow-and-carpets-v2/textures/Coussin_opacity.png using Guid(ea004701dc12c78419fe9dc384d324ea) Importer(815301076,1909f56bfc062723c751e8b465ee728b)  -> (artifact id: '4c51555d363a204872341bcaa7113366') in 0.023455 seconds
Number of updated asset objects reloaded before import = 0
Number of asset objects unloaded after import = 2
========================================================================
Received Import Request.
  Time since last request: 0.000031 seconds.
  path: Assets/ottoman-pillow-and-carpets-v2/textures/Tapis_opacity.png
  artifactKey: Guid(1df58238f6c108542a4b57383afa9c49) Importer(815301076,1909f56bfc062723c751e8b465ee728b)
Start importing Assets/ottoman-pillow-and-carpets-v2/textures/Tapis_opacity.png using Guid(1df58238f6c108542a4b57383afa9c49) Importer(815301076,1909f56bfc062723c751e8b465ee728b)  -> (artifact id: 'a09dd25d9ebc8c0173f66c292ab7c804') in 0.012526 seconds
Number of updated asset objects reloaded before import = 0
Number of asset objects unloaded after import = 2
========================================================================
Received Import Request.
  Time since last request: 0.000018 seconds.
  path: Assets/ottoman-pillow-and-carpets-v2/textures/Tapis_roughness_003.png
  artifactKey: Guid(da4c37121a6447f4a828e7b186e01af0) Importer(815301076,1909f56bfc062723c751e8b465ee728b)
Start importing Assets/ottoman-pillow-and-carpets-v2/textures/Tapis_roughness_003.png using Guid(da4c37121a6447f4a828e7b186e01af0) Importer(815301076,1909f56bfc062723c751e8b465ee728b)  -> (artifact id: '5eb8be609417a8a26710685887a8abeb') in 0.025178 seconds
Number of updated asset objects reloaded before import = 0
Number of asset objects unloaded after import = 2
========================================================================
Received Import Request.
  Time since last request: 0.000020 seconds.
  path: Assets/ottoman-pillow-and-carpets-v2/textures/Tapis_normal.png
  artifactKey: Guid(9ab29b66294f4a349a44f0d98ab38b0f) Importer(815301076,1909f56bfc062723c751e8b465ee728b)
Start importing Assets/ottoman-pillow-and-carpets-v2/textures/Tapis_normal.png using Guid(9ab29b66294f4a349a44f0d98ab38b0f) Importer(815301076,1909f56bfc062723c751e8b465ee728b)  -> (artifact id: '086c110066567e2dbaa6a8a0d42d9713') in 0.019275 seconds
Number of updated asset objects reloaded before import = 0
Number of asset objects unloaded after import = 2
========================================================================
Received Import Request.
  Time since last request: 7.994141 seconds.
  path: Assets/ottoman-pillow-and-carpets-v2/Materials/Coussin_basecolor_003.mat
  artifactKey: Guid(a8abf77dd72596649b2f055d2c8a6adf) Importer(815301076,1909f56bfc062723c751e8b465ee728b)
Start importing Assets/ottoman-pillow-and-carpets-v2/Materials/Coussin_basecolor_003.mat using Guid(a8abf77dd72596649b2f055d2c8a6adf) Importer(815301076,1909f56bfc062723c751e8b465ee728b)  -> (artifact id: 'c8e00dc93712f16fb1ab99572a3d77cd') in 0.016569 seconds
Number of updated asset objects reloaded before import = 0
Number of asset objects unloaded after import = 2
========================================================================
Received Import Request.
  Time since last request: 0.000023 seconds.
  path: Assets/ottoman-pillow-and-carpets-v2/Materials/Tapis_basecolor_002.mat
  artifactKey: Guid(12e62ee9ddf69f443b0cd8f7b8f01a17) Importer(815301076,1909f56bfc062723c751e8b465ee728b)
Start importing Assets/ottoman-pillow-and-carpets-v2/Materials/Tapis_basecolor_002.mat using Guid(12e62ee9ddf69f443b0cd8f7b8f01a17) Importer(815301076,1909f56bfc062723c751e8b465ee728b)  -> (artifact id: '7a083841d4453f0c9021ec65c3968cc3') in 0.025369 seconds
Number of updated asset objects reloaded before import = 0
Number of asset objects unloaded after import = 2
========================================================================
Received Import Request.
  Time since last request: 283.793769 seconds.
  path: Assets/ottoman-pillow-and-carpets-v2/Materials/Coussin_basecolor_003.mat
  artifactKey: Guid(a8abf77dd72596649b2f055d2c8a6adf) Importer(815301076,1909f56bfc062723c751e8b465ee728b)
Start importing Assets/ottoman-pillow-and-carpets-v2/Materials/Coussin_basecolor_003.mat using Guid(a8abf77dd72596649b2f055d2c8a6adf) Importer(815301076,1909f56bfc062723c751e8b465ee728b)  -> (artifact id: '35f470bb93a4fdc27105ce78801c96a6') in 0.024804 seconds
Number of updated asset objects reloaded before import = 0
Number of asset objects unloaded after import = 5
========================================================================
Received Import Request.
  Time since last request: 0.000024 seconds.
  path: Assets/ottoman-pillow-and-carpets-v2/Materials/Coussin_basecolor_004.mat
  artifactKey: Guid(c805b71faac8e884f980db05e32ff05a) Importer(815301076,1909f56bfc062723c751e8b465ee728b)
Start importing Assets/ottoman-pillow-and-carpets-v2/Materials/Coussin_basecolor_004.mat using Guid(c805b71faac8e884f980db05e32ff05a) Importer(815301076,1909f56bfc062723c751e8b465ee728b)  -> (artifact id: '22bfdc1afd8dd0df1a2fc096ec94e9f5') in 0.017518 seconds
Number of updated asset objects reloaded before import = 0
Number of asset objects unloaded after import = 4
========================================================================
Received Import Request.
  Time since last request: 1.847172 seconds.
  path: Assets/ottoman-pillow-and-carpets-v2/Materials/Coussin_basecolor_003.mat
  artifactKey: Guid(a8abf77dd72596649b2f055d2c8a6adf) Importer(815301076,1909f56bfc062723c751e8b465ee728b)
Start importing Assets/ottoman-pillow-and-carpets-v2/Materials/Coussin_basecolor_003.mat using Guid(a8abf77dd72596649b2f055d2c8a6adf) Importer(815301076,1909f56bfc062723c751e8b465ee728b)  -> (artifact id: '26cdc8767f4ac9e2df00a237097a86fc') in 0.022258 seconds
Number of updated asset objects reloaded before import = 0
Number of asset objects unloaded after import = 5
========================================================================
Received Import Request.
  Time since last request: 0.000023 seconds.
  path: Assets/ottoman-pillow-and-carpets-v2/Materials/Tapis_basecolor_002.mat
  artifactKey: Guid(12e62ee9ddf69f443b0cd8f7b8f01a17) Importer(815301076,1909f56bfc062723c751e8b465ee728b)
Start importing Assets/ottoman-pillow-and-carpets-v2/Materials/Tapis_basecolor_002.mat using Guid(12e62ee9ddf69f443b0cd8f7b8f01a17) Importer(815301076,1909f56bfc062723c751e8b465ee728b)  -> (artifact id: 'fd02b2465727478374202102b2e84fe1') in 0.021357 seconds
Number of updated asset objects reloaded before import = 0
Number of asset objects unloaded after import = 4
========================================================================
Received Import Request.
  Time since last request: 30.824061 seconds.
  path: Assets/carpet/textures/TX_Carpet_0102_AO.jpg
  artifactKey: Guid(3daea911bb637ff49930bd766b886346) Importer(815301076,1909f56bfc062723c751e8b465ee728b)
Start importing Assets/carpet/textures/TX_Carpet_0102_AO.jpg using Guid(3daea911bb637ff49930bd766b886346) Importer(815301076,1909f56bfc062723c751e8b465ee728b)  -> (artifact id: '502c5f1801021a5970f549a445a1b9bc') in 0.012523 seconds
Number of updated asset objects reloaded before import = 0
Number of asset objects unloaded after import = 2
========================================================================
Received Import Request.
  Time since last request: 0.007301 seconds.
  path: Assets/carpet/textures/TX_Carpet_0102_roughness.jpg
  artifactKey: Guid(bbd60c7955a19574b872280311a99ef2) Importer(815301076,1909f56bfc062723c751e8b465ee728b)
Start importing Assets/carpet/textures/TX_Carpet_0102_roughness.jpg using Guid(bbd60c7955a19574b872280311a99ef2) Importer(815301076,1909f56bfc062723c751e8b465ee728b)  -> (artifact id: '8726d5b25b3cefb7abbbf16be07bbdad') in 0.019342 seconds
Number of updated asset objects reloaded before import = 0
Number of asset objects unloaded after import = 2
========================================================================
Received Import Request.
  Time since last request: 0.000019 seconds.
  path: Assets/carpet/textures/TX_Carpet_0304_AO.jpg
  artifactKey: Guid(3260ad2c7776a8540bfa2cd864851d1c) Importer(815301076,1909f56bfc062723c751e8b465ee728b)
Start importing Assets/carpet/textures/TX_Carpet_0304_AO.jpg using Guid(3260ad2c7776a8540bfa2cd864851d1c) Importer(815301076,1909f56bfc062723c751e8b465ee728b)  -> (artifact id: 'f926adb07f37ead9320e7784cd66ca3d') in 0.020065 seconds
Number of updated asset objects reloaded before import = 0
Number of asset objects unloaded after import = 2
========================================================================
Received Import Request.
  Time since last request: 0.000018 seconds.
  path: Assets/carpet/textures/TX_Carpet_0304_normal.jpg
  artifactKey: Guid(269a8f4137631654a85cfab1579ca255) Importer(815301076,1909f56bfc062723c751e8b465ee728b)
Start importing Assets/carpet/textures/TX_Carpet_0304_normal.jpg using Guid(269a8f4137631654a85cfab1579ca255) Importer(815301076,1909f56bfc062723c751e8b465ee728b)  -> (artifact id: '5ee042fcc3535aa7e788cdf95d47ce51') in 0.019454 seconds
Number of updated asset objects reloaded before import = 0
Number of asset objects unloaded after import = 2
Editor requested this worker to shutdown with reason: Scaling down because of idle timeout
TcpMessagingSession - receive error: operation aborted. errorcode: 995, details: The I/O operation has been aborted because of either a thread exit or an application request.
AssetImportWorker is now disconnected from the server
Process exiting
Exiting without the bug reporter. Application will terminate with return code 0